Using pre-set license
Built from '2022.2/staging' branch; Version is '2022.2.9f1 (1cc571a6ec95) revision 1885553'; Using compiler version '192829333'; Build Type 'Release'
OS: 'Windows 10  (10.0.19044) 64bit Core' Language: 'en' Physical Memory: 16085 MB
BatchMode: 1, IsHumanControllingUs: 0, StartBugReporterOnCrash: 0, Is64bit: 1, IsPro: 1

COMMAND LINE ARGUMENTS:
C:\Program Files\Unity 2022.2.9f1\Editor\Unity.exe
-adb2
-batchMode
-noUpm
-name
AssetImportWorker5
-projectPath
C:/Users/Rosta/Documents/GitHub/Jelly-Jam-2023
-logFile
Logs/AssetImportWorker5.log
-srvPort
57672
Successfully changed project path to: C:/Users/Rosta/Documents/GitHub/Jelly-Jam-2023
C:/Users/Rosta/Documents/GitHub/Jelly-Jam-2023
[UnityMemory] Configuration Parameters - Can be set up in boot.config
    "memorysetup-bucket-allocator-granularity=16"
    "memorysetup-bucket-allocator-bucket-count=8"
    "memorysetup-bucket-allocator-block-size=33554432"
    "memorysetup-bucket-allocator-block-count=8"
    "memorysetup-main-allocator-block-size=16777216"
    "memorysetup-thread-allocator-block-size=16777216"
    "memorysetup-gfx-main-allocator-block-size=16777216"
    "memorysetup-gfx-thread-allocator-block-size=16777216"
    "memorysetup-cache-allocator-block-size=4194304"
    "memorysetup-typetree-allocator-block-size=2097152"
    "memorysetup-profiler-bucket-allocator-granularity=16"
    "memorysetup-profiler-bucket-allocator-bucket-count=8"
    "memorysetup-profiler-bucket-allocator-block-size=33554432"
    "memorysetup-profiler-bucket-allocator-block-count=8"
    "memorysetup-profiler-allocator-block-size=16777216"
    "memorysetup-profiler-editor-allocator-block-size=1048576"
    "memorysetup-temp-allocator-size-main=16777216"
    "memorysetup-job-temp-allocator-block-size=2097152"
    "memorysetup-job-temp-allocator-block-size-background=1048576"
    "memorysetup-job-temp-allocator-reduction-small-platforms=262144"
    "memorysetup-temp-allocator-size-background-worker=32768"
    "memorysetup-temp-allocator-size-job-worker=262144"
    "memorysetup-temp-allocator-size-preload-manager=33554432"
    "memorysetup-temp-allocator-size-nav-mesh-worker=65536"
    "memorysetup-temp-allocator-size-audio-worker=65536"
    "memorysetup-temp-allocator-size-cloud-worker=32768"
    "memorysetup-temp-allocator-size-gi-baking-worker=262144"
    "memorysetup-temp-allocator-size-gfx=262144"
Player connection [4424] Host "[IP] 10.0.0.7 [Port] 0 [Flags] 2 [Guid] 2126552313 [EditorId] 2126552313 [Version] 1048832 [Id] WindowsEditor(7,MSI) [Debug] 1 [PackageName] WindowsEditor [ProjectName] Editor" joined multi-casting on [225.0.0.222:54997]...

Player connection [4424] Host "[IP] 10.0.0.7 [Port] 0 [Flags] 2 [Guid] 2126552313 [EditorId] 2126552313 [Version] 1048832 [Id] WindowsEditor(7,MSI) [Debug] 1 [PackageName] WindowsEditor [ProjectName] Editor" joined alternative multi-casting on [225.0.0.222:34997]...

Refreshing native plugins compatible for Editor in 7.74 ms, found 3 plugins.
Preloading 0 native plugins for Editor in 0.00 ms.
Initialize engine version: 2022.2.9f1 (1cc571a6ec95)
[Subsystems] Discovering subsystems at path C:/Program Files/Unity 2022.2.9f1/Editor/Data/Resources/UnitySubsystems
[Subsystems] Discovering subsystems at path C:/Users/Rosta/Documents/GitHub/Jelly-Jam-2023/Assets
GfxDevice: creating device client; threaded=0; jobified=0
Direct3D:
    Version:  Direct3D 11.0 [level 11.1]
    Renderer: NVIDIA GeForce RTX 3050 Ti Laptop GPU (ID=0x25a0)
    Vendor:   NVIDIA
    VRAM:     3990 MB
    Driver:   31.0.15.2230
Initialize mono
Mono path[0] = 'C:/Program Files/Unity 2022.2.9f1/Editor/Data/Managed'
Mono path[1] = 'C:/Program Files/Unity 2022.2.9f1/Editor/Data/MonoBleedingEdge/lib/mono/unityjit-win32'
Mono config path = 'C:/Program Files/Unity 2022.2.9f1/Editor/Data/MonoBleedingEdge/etc'
Using monoOptions --debugger-agent=transport=dt_socket,embedding=1,server=y,suspend=n,address=127.0.0.1:56124
Begin MonoManager ReloadAssembly
Registering precompiled unity dll's ...
Register platform support module: C:/Program Files/Unity 2022.2.9f1/Editor/Data/PlaybackEngines/WindowsStandaloneSupport/UnityEditor.WindowsStandalone.Extensions.dll
Registered in 0.004663 seconds.
- Loaded All Assemblies, in  0.280 seconds
Native extension for WindowsStandalone target not found
Mono: successfully reloaded assembly
- Finished resetting the current domain, in  0.202 seconds
Domain Reload Profiling:
	ReloadAssembly (171ms)
		BeginReloadAssembly (92ms)
			ExecutionOrderSort (0ms)
			DisableScriptedObjects (0ms)
			BackupInstance (0ms)
			ReleaseScriptingObjects (0ms)
			CreateAndSetChildDomain (1ms)
		LoadAllAssembliesAndSetupDomain (0ms)
			LoadAssemblies (89ms)
			RebuildTransferFunctionScriptingTraits (0ms)
			SetupTypeCache (101ms)
				TypeCache.Initialize (100ms)
					TypeCache.ScanAssembly (99ms)
				ResolveRequiredComponents (0ms)
		FinalizeReload (0ms)
			ReleaseScriptCaches (0ms)
			RebuildScriptCaches (0ms)
			SetupLoadedEditorAssemblies (157ms)
				LogAssemblyErrors (0ms)
				InitializePlatformSupportModulesInManaged (7ms)
				SetLoadedEditorAssemblies (6ms)
				RefreshPlugins (0ms)
				BeforeProcessingInitializeOnLoad (1ms)
				ProcessInitializeOnLoadAttributes (106ms)
				ProcessInitializeOnLoadMethodAttributes (37ms)
				AfterProcessingInitializeOnLoad (0ms)
				EditorAssembliesLoaded (0ms)
			ExecutionOrderSort2 (0ms)
			AwakeInstancesAfterBackupRestoration (0ms)
========================================================================
Worker process is ready to serve import requests
Begin MonoManager ReloadAssembly
Symbol file LoadedFromMemory doesn't match image C:\Users\Rosta\Documents\GitHub\Jelly-Jam-2023\Library\PackageCache\com.unity.visualscripting@1.8.0\Editor\VisualScripting.Core\Dependencies\YamlDotNet\Unity.VisualScripting.YamlDotNet.dll
Symbol file LoadedFromMemory doesn't match image C:\Users\Rosta\Documents\GitHub\Jelly-Jam-2023\Library\PackageCache\com.unity.visualscripting@1.8.0\Editor\VisualScripting.Core\Dependencies\DotNetZip\Unity.VisualScripting.IonicZip.dll
- Loaded All Assemblies, in  0.567 seconds
Refreshing native plugins compatible for Editor in 2.25 ms, found 3 plugins.
Native extension for WindowsStandalone target not found
Mono: successfully reloaded assembly
- Finished resetting the current domain, in  0.395 seconds
Domain Reload Profiling:
	ReloadAssembly (171ms)
		BeginReloadAssembly (103ms)
			ExecutionOrderSort (0ms)
			DisableScriptedObjects (4ms)
			BackupInstance (0ms)
			ReleaseScriptingObjects (0ms)
			CreateAndSetChildDomain (20ms)
		LoadAllAssembliesAndSetupDomain (394ms)
			LoadAssemblies (212ms)
			RebuildTransferFunctionScriptingTraits (0ms)
			SetupTypeCache (229ms)
				TypeCache.Initialize (215ms)
					TypeCache.ScanAssembly (211ms)
				ResolveRequiredComponents (3ms)
		FinalizeReload (0ms)
			ReleaseScriptCaches (0ms)
			RebuildScriptCaches (0ms)
			SetupLoadedEditorAssemblies (272ms)
				LogAssemblyErrors (0ms)
				InitializePlatformSupportModulesInManaged (5ms)
				SetLoadedEditorAssemblies (4ms)
				RefreshPlugins (0ms)
				BeforeProcessingInitializeOnLoad (46ms)
				ProcessInitializeOnLoadAttributes (197ms)
				ProcessInitializeOnLoadMethodAttributes (16ms)
				AfterProcessingInitializeOnLoad (5ms)
				EditorAssembliesLoaded (0ms)
			ExecutionOrderSort2 (0ms)
			AwakeInstancesAfterBackupRestoration (5ms)
Launched and connected shader compiler UnityShaderCompiler.exe after 0.03 seconds
Refreshing native plugins compatible for Editor in 2.05 ms, found 3 plugins.
Preloading 0 native plugins for Editor in 0.00 ms.
Unloading 3128 Unused Serialized files (Serialized files now loaded: 0)
Unloading 31 unused Assets / (67.5 KB). Loaded Objects now: 3594.
Memory consumption went from 488.9 MB to 488.8 MB.
Total: 2.457900 ms (FindLiveObjects: 0.231900 ms CreateObjectMapping: 0.078600 ms MarkObjects: 2.017300 ms  DeleteObjects: 0.129300 ms)

AssetImportParameters requested are different than current active one (requested -> active):
  custom:container-demuxer-ogg: 62fdf1f143b41e24485cea50d1cbac27 -> 
  custom:video-decoder-ogg-theora: a1e56fd34408186e4bbccfd4996cb3dc -> 
  custom:framework-win-MediaFoundation: 216162199b28c13a410421893ffa2e32 -> 
  custom:scripting/monoscript/fileName/Berries.cs: 6d8a347e81657036ac37d4cf69b0ab98 -> 
  custom:container-demuxer-webm: 4f35f7cbe854078d1ac9338744f61a02 -> 
  custom:container-muxer-webm: aa71ff27fc2769a1b78a27578f13a17b -> 
  custom:video-decoder-webm-vp8: 9c59270c3fd7afecdb556c50c9e8de78 -> 
  custom:AudioImporter_EditorPlatform: d09bf68614088b80899f8185d706f6e7 -> 
  custom:video-encoder-webm-vp8: eb34c28f22e8b96e1ab97ce403110664 -> 
  custom:audio-decoder-ogg-vorbis: bf7c407c2cedff20999df2af8eb42d56 -> 
  custom:audio-encoder-webm-vorbis: bf7c407c2cedff20999df2af8eb42d56 -> 
========================================================================
Received Import Request.
  Time since last request: 206665.473877 seconds.
  path: Assets/Models/Textures/FoliageTextures/Shrub/Foliage_Shrub_lambert1_AO.png
  artifactKey: Guid(d2d2552c209377148abbe287c5e10f17) Importer(815301076,1909f56bfc062723c751e8b465ee728b)
Start importing Assets/Models/Textures/FoliageTextures/Shrub/Foliage_Shrub_lambert1_AO.png using Guid(d2d2552c209377148abbe287c5e10f17) Importer(815301076,1909f56bfc062723c751e8b465ee728b)  -> (artifact id: '20a032f20765edb0e8c0c2ecbc57669b') in 0.068624 seconds 
Number of updated asset objects reloaded before import = 0
Number of asset objects unloaded after import = 2
========================================================================
Received Import Request.
  Time since last request: 0.000022 seconds.
  path: Assets/Models/Textures/FoliageTextures/Shrub/Foliage_Shrub_lambert1_Metallic.png
  artifactKey: Guid(ad76df4119cc421448bb5f4f6b170511) Importer(815301076,1909f56bfc062723c751e8b465ee728b)
Start importing Assets/Models/Textures/FoliageTextures/Shrub/Foliage_Shrub_lambert1_Metallic.png using Guid(ad76df4119cc421448bb5f4f6b170511) Importer(815301076,1909f56bfc062723c751e8b465ee728b)  -> (artifact id: '46af0bcecd71bd62c1ee727cf48506cc') in 0.030797 seconds 
Number of updated asset objects reloaded before import = 0
Number of asset objects unloaded after import = 2
========================================================================
Received Import Request.
  Time since last request: 0.000028 seconds.
  path: Assets/Models/Textures/FoliageTextures/Shrub/Foliage_Shrub_lambert1_Normal.png
  artifactKey: Guid(9cf4e164cf2235a4db3cdfbf3ff246d6) Importer(815301076,1909f56bfc062723c751e8b465ee728b)
Start importing Assets/Models/Textures/FoliageTextures/Shrub/Foliage_Shrub_lambert1_Normal.png using Guid(9cf4e164cf2235a4db3cdfbf3ff246d6) Importer(815301076,1909f56bfc062723c751e8b465ee728b)  -> (artifact id: 'eb93f6dd02f20386035164af59323d52') in 0.055689 seconds 
Number of updated asset objects reloaded before import = 0
Number of asset objects unloaded after import = 2
========================================================================
Received Import Request.
  Time since last request: 0.000020 seconds.
  path: Assets/Models/Textures/FoliageTextures/Shrub/Foliage_Shrub_lambert1_Height.png
  artifactKey: Guid(30c8efad583d77640b0f969a85a5d8d0) Importer(815301076,1909f56bfc062723c751e8b465ee728b)
Start importing Assets/Models/Textures/FoliageTextures/Shrub/Foliage_Shrub_lambert1_Height.png using Guid(30c8efad583d77640b0f969a85a5d8d0) Importer(815301076,1909f56bfc062723c751e8b465ee728b)  -> (artifact id: '0dec334e3b5028908acc4dd2b5b66d6b') in 0.013799 seconds 
Number of updated asset objects reloaded before import = 0
Number of asset objects unloaded after import = 2
========================================================================
Received Import Request.
  Time since last request: 6.601684 seconds.
  path: Assets/Models/Textures/FoliageTextures/ShrubBerry/Foliage_BerryShrub_lambert1_Height.png
  artifactKey: Guid(b7c52de4e0d21a74d85bc596e27e55b1) Importer(815301076,1909f56bfc062723c751e8b465ee728b)
Start importing Assets/Models/Textures/FoliageTextures/ShrubBerry/Foliage_BerryShrub_lambert1_Height.png using Guid(b7c52de4e0d21a74d85bc596e27e55b1) Importer(815301076,1909f56bfc062723c751e8b465ee728b)  -> (artifact id: '5711436a42649bd5472214592f03c0df') in 0.011589 seconds 
Number of updated asset objects reloaded before import = 0
Number of asset objects unloaded after import = 2
========================================================================
Received Import Request.
  Time since last request: 0.000012 seconds.
  path: Assets/Models/Textures/FoliageTextures/ShrubBerry/Foliage_BerryShrub_lambert1_Metallic.png
  artifactKey: Guid(b0cdaf6e3939b9144a2d5c206f332542) Importer(815301076,1909f56bfc062723c751e8b465ee728b)
Start importing Assets/Models/Textures/FoliageTextures/ShrubBerry/Foliage_BerryShrub_lambert1_Metallic.png using Guid(b0cdaf6e3939b9144a2d5c206f332542) Importer(815301076,1909f56bfc062723c751e8b465ee728b)  -> (artifact id: '4e4d926cd91bb014ec146a10e1b40fd0') in 0.012582 seconds 
Number of updated asset objects reloaded before import = 0
Number of asset objects unloaded after import = 2
========================================================================
Received Import Request.
  Time since last request: 0.000017 seconds.
  path: Assets/Models/Textures/FoliageTextures/ShrubBerry/ShrubBerry.mat
  artifactKey: Guid(8baea7ecf3a219f4f8672988d3aff324) Importer(815301076,1909f56bfc062723c751e8b465ee728b)
Start importing Assets/Models/Textures/FoliageTextures/ShrubBerry/ShrubBerry.mat using Guid(8baea7ecf3a219f4f8672988d3aff324) Importer(815301076,1909f56bfc062723c751e8b465ee728b)  -> (artifact id: '738ccc3d4cdfa73c03001cd4c3c2b0fd') in 0.078206 seconds 
Number of updated asset objects reloaded before import = 0
Number of asset objects unloaded after import = 6
========================================================================
Received Import Request.
  Time since last request: 308.413659 seconds.
  path: Assets/Models/Textures/BuildingTextures(1)/BuildingTextures/Building_lambert1_Albedo.png
  artifactKey: Guid(62bc1c4d4466d534489abd13c53de1ab) Importer(815301076,1909f56bfc062723c751e8b465ee728b)
Start importing Assets/Models/Textures/BuildingTextures(1)/BuildingTextures/Building_lambert1_Albedo.png using Guid(62bc1c4d4466d534489abd13c53de1ab) Importer(815301076,1909f56bfc062723c751e8b465ee728b)  -> (artifact id: '5f27bd082288e4b279a19ae04325ae62') in 0.014857 seconds 
Number of updated asset objects reloaded before import = 0
Number of asset objects unloaded after import = 2
========================================================================
Received Import Request.
  Time since last request: 0.000051 seconds.
  path: Assets/Models/Textures/BuildingTextures(1)/BuildingTextures/Building_lambert1_Height.png
  artifactKey: Guid(ae8f8ceddb6a47f4083747d8b8d7ad35) Importer(815301076,1909f56bfc062723c751e8b465ee728b)
Start importing Assets/Models/Textures/BuildingTextures(1)/BuildingTextures/Building_lambert1_Height.png using Guid(ae8f8ceddb6a47f4083747d8b8d7ad35) Importer(815301076,1909f56bfc062723c751e8b465ee728b)  -> (artifact id: 'bdd3348cdcec02154f171a3619b59376') in 0.019598 seconds 
Number of updated asset objects reloaded before import = 0
Number of asset objects unloaded after import = 2
========================================================================
Received Import Request.
  Time since last request: 0.000024 seconds.
  path: Assets/Models/Textures/BuildingTextures(1)/BuildingTextures/Building_lambert1_Normal.png
  artifactKey: Guid(4d1f11452f1cb47419ea148e8dbf8886) Importer(815301076,1909f56bfc062723c751e8b465ee728b)
Start importing Assets/Models/Textures/BuildingTextures(1)/BuildingTextures/Building_lambert1_Normal.png using Guid(4d1f11452f1cb47419ea148e8dbf8886) Importer(815301076,1909f56bfc062723c751e8b465ee728b)  -> (artifact id: '16e7dfc83d3845142852977bca5436f9') in 0.021516 seconds 
Number of updated asset objects reloaded before import = 0
Number of asset objects unloaded after import = 2
========================================================================
Received Import Request.
  Time since last request: 0.000024 seconds.
  path: Assets/Models/Textures/BuildingTextures(1)/BuildingTextures/Building_lambert1_Metallic.png
  artifactKey: Guid(a7a8b861deaaeee4687abf707d1e338a) Importer(815301076,1909f56bfc062723c751e8b465ee728b)
Start importing Assets/Models/Textures/BuildingTextures(1)/BuildingTextures/Building_lambert1_Metallic.png using Guid(a7a8b861deaaeee4687abf707d1e338a) Importer(815301076,1909f56bfc062723c751e8b465ee728b)  -> (artifact id: '2dd920f423307379f3df3334809a52b6') in 0.024898 seconds 
Number of updated asset objects reloaded before import = 0
Number of asset objects unloaded after import = 2
========================================================================
Received Import Request.
  Time since last request: 0.000019 seconds.
  path: Assets/Models/Textures/BuildingTextures(1)/BuildingTextures/Building_lambert1_AO.png
  artifactKey: Guid(d122a8768bc33de4bae5e154932dc241) Importer(815301076,1909f56bfc062723c751e8b465ee728b)
Start importing Assets/Models/Textures/BuildingTextures(1)/BuildingTextures/Building_lambert1_AO.png using Guid(d122a8768bc33de4bae5e154932dc241) Importer(815301076,1909f56bfc062723c751e8b465ee728b)  -> (artifact id: 'ba3f67ac996c0998927019219856abea') in 0.017563 seconds 
Number of updated asset objects reloaded before import = 0
Number of asset objects unloaded after import = 2
Editor requested this worker to shutdown with reason: Scaling down because of idle timeout
TcpMessagingSession - receive error: operation aborted. errorcode: 995, details: The I/O operation has been aborted because of either a thread exit or an application request.
AssetImportWorker is now disconnected from the server
Process exiting
Exiting without the bug reporter. Application will terminate with return code 0